<?xml version="1.0" encoding="UTF-8"?>
<!-- Generated by org.testng.reporters.JUnitReportReporter -->
<testsuite hostname="DESKTOP-LAI30QM" failures="0" tests="1" name="tests.ExcelRead" time="6.346" errors="0" timestamp="2021-04-27T22:06:16 IST" skipped="0">
  <testcase classname="tests.ExcelRead" name="input" time="6.346"/>
  <system-out/>
</testsuite> <!-- tests.ExcelRead -->
