<?xml version="1.0" encoding="UTF-8"?>
<!-- Generated by org.testng.reporters.JUnitReportReporter -->
<testsuite hostname="DESKTOP-LAI30QM" failures="0" tests="1" name="JavaPrograms.Annotations" time="0.011" errors="0" timestamp="3 Jun 2021 06:37:38 GMT">
  <testcase classname="JavaPrograms.Annotations" name="f" time="0.011"/>
</testsuite> <!-- JavaPrograms.Annotations -->
