<?xml version="1.0" encoding="UTF-8"?>
<!-- Generated by org.testng.reporters.JUnitReportReporter -->
<testsuite hostname="DESKTOP-LAI30QM" failures="0" tests="2" name="JavaPrograms.Dependent" time="0.009" errors="0" timestamp="22 Apr 2021 15:12:27 GMT">
  <testcase classname="JavaPrograms.Dependent" name="SignIn" time="0.002"/>
  <testcase classname="JavaPrograms.Dependent" name="OpenBrowser" time="0.007"/>
</testsuite> <!-- JavaPrograms.Dependent -->
