<?xml version="1.0" encoding="UTF-8"?>
<!-- Generated by org.testng.reporters.JUnitReportReporter -->
<testsuite hostname="DESKTOP-LAI30QM" failures="0" tests="1" name="JavaPrograms.Param" time="0.009" errors="0" timestamp="23 Apr 2021 12:58:49 GMT">
  <testcase classname="JavaPrograms.Param" name="Multiply" time="0.009"/>
</testsuite> <!-- JavaPrograms.Param -->
