<?xml version="1.0" encoding="UTF-8"?>
<!-- Generated by org.testng.reporters.JUnitReportReporter -->
<testsuite hostname="DESKTOP-LAI30QM" failures="0" tests="1" name="classDemo.AnnotationssDemo" time="0.020" errors="0" timestamp="22 Apr 2021 16:34:34 GMT">
  <testcase classname="classDemo.AnnotationssDemo" name="Testmethod" time="0.020"/>
</testsuite> <!-- classDemo.AnnotationssDemo -->
