<?xml version="1.0" encoding="UTF-8"?>
<!-- Generated by org.testng.reporters.JUnitReportReporter -->
<testsuite hostname="DESKTOP-LAI30QM" failures="0" tests="2" name="classDemo.ParallelDemo" time="20.088" errors="0" timestamp="22 Jun 2021 15:05:23 GMT">
  <testcase classname="classDemo.ParallelDemo" name="chromebrowser" time="6.451"/>
  <testcase classname="classDemo.ParallelDemo" name="firefoxbrowser" time="13.637"/>
</testsuite> <!-- classDemo.ParallelDemo -->
