<?xml version="1.0" encoding="UTF-8"?>
<!-- Generated by org.testng.reporters.JUnitReportReporter -->
<testsuite hostname="DESKTOP-LAI30QM" failures="0" tests="1" name="classDemo.Parametersdemo" time="0.029" errors="0" timestamp="23 Apr 2021 16:05:50 GMT">
  <testcase classname="classDemo.Parametersdemo" name="Divide" time="0.029"/>
</testsuite> <!-- classDemo.Parametersdemo -->
