<?xml version="1.0" encoding="UTF-8"?>
<!-- Generated by org.testng.reporters.JUnitReportReporter -->
<testsuite hostname="DESKTOP-LAI30QM" failures="0" tests="1" name="classDemo.AnnotationssDemo" time="0.004" errors="0" timestamp="22 Jun 2021 14:45:56 GMT">
  <testcase classname="classDemo.AnnotationssDemo" name="Testmethod" time="0.004"/>
</testsuite> <!-- classDemo.AnnotationssDemo -->
