<?xml version="1.0" encoding="UTF-8"?>
<!-- Generated by org.testng.reporters.JUnitReportReporter -->
<testsuite hostname="DESKTOP-LAI30QM" failures="0" tests="1" name="JavaPrograms.Dataprovideedemo" time="0.007" errors="0" timestamp="3 Jun 2021 06:39:46 GMT">
  <testcase classname="JavaPrograms.Dataprovideedemo" name="multiply" time="0.007"/>
</testsuite> <!-- JavaPrograms.Dataprovideedemo -->
