<?xml version="1.0" encoding="UTF-8"?>
<!-- Generated by org.testng.reporters.JUnitReportReporter -->
<testsuite hostname="DESKTOP-LAI30QM" failures="0" tests="1" name="JavaPrograms.Annotations" time="0.005" errors="0" timestamp="22 Apr 2021 14:57:12 GMT">
  <testcase classname="JavaPrograms.Annotations" name="f" time="0.005"/>
</testsuite> <!-- JavaPrograms.Annotations -->
