<?xml version="1.0" encoding="UTF-8"?>
<!-- Generated by org.testng.reporters.JUnitReportReporter -->
<testsuite hostname="DESKTOP-LAI30QM" failures="0" tests="2" name="classDemo.TesttDemo" time="0.053" errors="0" timestamp="22 Apr 2021 15:51:37 GMT">
  <testcase classname="classDemo.TesttDemo" name="demo" time="0.047"/>
  <testcase classname="classDemo.TesttDemo" name="method" time="0.006"/>
</testsuite> <!-- classDemo.TesttDemo -->
