<?xml version="1.0" encoding="UTF-8"?>
<!-- Generated by org.testng.reporters.JUnitReportReporter -->
<testsuite hostname="DESKTOP-LAI30QM" failures="0" tests="1" name="classDemo.SeleniumTestng" time="6.721" errors="0" timestamp="22 Jun 2021 15:07:17 GMT">
  <testcase classname="classDemo.SeleniumTestng" name="display" time="6.721"/>
</testsuite> <!-- classDemo.SeleniumTestng -->
