<?xml version="1.0" encoding="UTF-8"?>
<!-- Generated by org.testng.reporters.JUnitReportReporter -->
<testsuite hostname="DESKTOP-LAI30QM" failures="0" tests="2" name="classDemo.ParallelDemo" time="27.285" errors="0" timestamp="23 Apr 2021 16:20:19 GMT">
  <testcase classname="classDemo.ParallelDemo" name="chromebrowser" time="8.520"/>
  <testcase classname="classDemo.ParallelDemo" name="firefoxbrowser" time="18.765"/>
</testsuite> <!-- classDemo.ParallelDemo -->
