<?xml version="1.0" encoding="UTF-8"?>
<!-- Generated by org.testng.reporters.JUnitReportReporter -->
<testsuite hostname="DESKTOP-LAI30QM" failures="0" tests="2" name="classDemo.DependentDemo" time="7.740" errors="0" timestamp="23 Apr 2021 15:53:47 GMT">
  <testcase classname="classDemo.DependentDemo" name="openURL" time="4.386"/>
  <testcase classname="classDemo.DependentDemo" name="Launchchromedriver" time="3.354"/>
</testsuite> <!-- classDemo.DependentDemo -->
