<?xml version="1.0" encoding="UTF-8"?>
<!-- Generated by org.testng.reporters.JUnitReportReporter -->
<testsuite hostname="DESKTOP-LAI30QM" failures="0" tests="1" name="JavaPrograms.Test1" time="4.982" errors="0" timestamp="23 Apr 2021 13:49:56 GMT">
  <testcase classname="JavaPrograms.Test1" name="launch" time="4.982"/>
</testsuite> <!-- JavaPrograms.Test1 -->
