<?xml version="1.0" encoding="UTF-8"?>
<!-- Generated by org.testng.reporters.JUnitReportReporter -->
<testsuite hostname="DESKTOP-LAI30QM" failures="0" tests="2" name="JavaPrograms.ParallelExec" time="15.713" errors="0" timestamp="23 Apr 2021 13:20:12 GMT">
  <testcase classname="JavaPrograms.ParallelExec" name="chromeBrowser" time="5.520"/>
  <testcase classname="JavaPrograms.ParallelExec" name="firefoxBrowser" time="10.193"/>
</testsuite> <!-- JavaPrograms.ParallelExec -->
