<?xml version="1.0" encoding="UTF-8"?>
<!-- Generated by org.testng.reporters.JUnitReportReporter -->
<testsuite hostname="DESKTOP-LAI30QM" failures="0" tests="1" name="classDemo.Dataproviderdemo" time="0.035" errors="0" timestamp="23 Apr 2021 16:10:17 GMT">
  <testcase classname="classDemo.Dataproviderdemo" name="Divide" time="0.035"/>
</testsuite> <!-- classDemo.Dataproviderdemo -->
