<?xml version="1.0" encoding="UTF-8"?>
<!-- Generated by org.testng.reporters.JUnitReportReporter -->
<testsuite hostname="DESKTOP-LAI30QM" failures="0" tests="1" name="JavaPrograms.Dataprovideedemo" time="0.006" errors="0" timestamp="23 Apr 2021 13:05:57 GMT">
  <testcase classname="JavaPrograms.Dataprovideedemo" name="multiply" time="0.006"/>
</testsuite> <!-- JavaPrograms.Dataprovideedemo -->
