<?xml version="1.0" encoding="UTF-8"?>
<!-- Generated by org.testng.reporters.JUnitReportReporter -->
<testsuite hostname="DESKTOP-LAI30QM" failures="0" tests="2" name="JavaPrograms.DependentDemo" time="5.295" errors="0" timestamp="23 Apr 2021 12:45:38 GMT">
  <testcase classname="JavaPrograms.DependentDemo" name="Launch" time="5.279"/>
  <testcase classname="JavaPrograms.DependentDemo" name="sigin" time="0.016"/>
</testsuite> <!-- JavaPrograms.DependentDemo -->
