<?xml version="1.0" encoding="UTF-8"?>
<!-- Generated by org.testng.reporters.JUnitReportReporter -->
<testsuite hostname="DESKTOP-LAI30QM" failures="0" tests="1" name="classDemo.TestDemo" time="5.149" errors="0" timestamp="23 Apr 2021 16:31:27 GMT">
  <testcase classname="classDemo.TestDemo" name="Launch" time="5.149"/>
</testsuite> <!-- classDemo.TestDemo -->
